<?xml version="1.0" encoding="UTF-8"?>
<!-- Generated by org.testng.reporters.JUnitReportReporter -->
<testsuite hostname="DESKTOP-HOED7JD" failures="0" tests="2" name="testnagPractice.yesterday" time="0.043" errors="0" timestamp="2024-01-23T13:26:08 IST" skipped="0">
  <testcase classname="testnagPractice.yesterday" name="month" time="0.021"/>
  <system-out/>
  <testcase classname="testnagPractice.yesterday" name="date" time="0.022"/>
  <system-out/>
</testsuite> <!-- testnagPractice.yesterday -->
