<?xml version="1.0" encoding="UTF-8"?>
<!-- Generated by org.testng.reporters.JUnitReportReporter -->
<testsuite hostname="DESKTOP-HOED7JD" failures="0" tests="2" name="admin.manageProduct" time="9.515" errors="0" timestamp="2024-01-23T15:21:29 IST" skipped="0">
  <testcase classname="admin.manageProduct" name="product" time="0.003"/>
  <system-out/>
  <testcase classname="admin.manageProduct" name="manageProductTest" time="9.512"/>
  <system-out/>
</testsuite> <!-- admin.manageProduct -->
