<?xml version="1.0" encoding="UTF-8"?>
<!-- Generated by org.testng.reporters.JUnitReportReporter -->
<testsuite hostname="DESKTOP-HOED7JD" failures="0" tests="2" name="admin.deleteProductFromMangeProductTest" time="24.138" errors="0" timestamp="2024-01-23T15:21:29 IST" skipped="0">
  <testcase classname="admin.deleteProductFromMangeProductTest" name="deleteProduct" time="24.122"/>
  <system-out/>
  <testcase classname="admin.deleteProductFromMangeProductTest" name="productdelete" time="0.016"/>
  <system-out/>
</testsuite> <!-- admin.deleteProductFromMangeProductTest -->
